Arguments: 
  /home/jeff/.nvm/versions/node/v18.16.1/bin/node /home/jeff/.nvm/versions/node/v18.16.1/bin/yarn add WebElement

PATH: 
  /home/jeff/.vscode-server/bin/74f6148eb9ea00507ec113ec51c489d6ffb4b771/bin/remote-cli:/home/jeff/.nvm/versions/node/v18.16.1/bin:/usr/local/sbin:/usr/local/bin:/usr/sbin:/usr/bin:/sbin:/bin:/usr/games:/usr/local/games:/usr/lib/wsl/lib:/mnt/c/WINDOWS/system32:/mnt/c/WINDOWS:/mnt/c/WINDOWS/System32/Wbem:/mnt/c/WINDOWS/System32/WindowsPowerShell/v1.0/:/mnt/c/WINDOWS/System32/OpenSSH/:/mnt/c/Program Files/TortoiseGit/bin:/mnt/c/Program Files/Git/cmd:/mnt/c/Program Files/Vim/vim90:/mnt/c/MinGW/bin/:/mnt/c/Program Files/MATLAB/R2023a/runtime/win64:/mnt/c/Program Files/MATLAB/R2023a/bin:/mnt/c/Program Files/MEGA11:/mnt/c/Users/Jeff/方世昕/AppData/Local/Microsoft/WindowsApps:/mnt/c/MinGW/bin/":/mnt/c/Users/Jeff/方世昕/AppData/Local/Programs/Microsoft VS Code/bin:/snap/bin

Yarn version: 
  1.22.19

Node version: 
  18.16.1

Platform: 
  linux x64

Trace: 
  Error: https://registry.yarnpkg.com/WebElement: Not found
      at params.callback [as _callback] (/home/jeff/.nvm/versions/node/v18.16.1/lib/node_modules/yarn/lib/cli.js:66145:18)
      at self.callback (/home/jeff/.nvm/versions/node/v18.16.1/lib/node_modules/yarn/lib/cli.js:140890:22)
      at Request.emit (node:events:513:28)
      at Request.<anonymous> (/home/jeff/.nvm/versions/node/v18.16.1/lib/node_modules/yarn/lib/cli.js:141862:10)
      at Request.emit (node:events:513:28)
      at IncomingMessage.<anonymous> (/home/jeff/.nvm/versions/node/v18.16.1/lib/node_modules/yarn/lib/cli.js:141784:12)
      at Object.onceWrapper (node:events:627:28)
      at IncomingMessage.emit (node:events:525:35)
      at endReadableNT (node:internal/streams/readable:1359:12)
      at process.processTicksAndRejections (node:internal/process/task_queues:82:21)

npm manifest: 
  {
    "name": "web",
    "version": "1.0.0",
    "description": "",
    "main": "index.js",
    "scripts": {
      "test": "echo \"Error: no test specified\" && exit 1",
      "start": "cd frontend && yarn start",
      "server": "cd backend && yarn server"
    },
    "keywords": [],
    "author": "",
    "license": "ISC",
    "dependencies": {
      "eslite-com-crawler": "^1.1.1",
      "yarn": "^1.22.19"
    }
  }

yarn manifest: 
  No manifest

Lockfile: 
  # THIS IS AN AUTOGENERATED FILE. DO NOT EDIT THIS FILE DIRECTLY.
  # yarn lockfile v1
  
  
  axios@^0.21.1:
    version "0.21.4"
    resolved "https://registry.yarnpkg.com/axios/-/axios-0.21.4.tgz#c67b90dc0568e5c1cf2b0b858c43ba28e2eda575"
    integrity sha512-ut5vewkiu8jjGBdqpM44XxjuCjq9LAKeHVmoVfHVzy8eHgxxq8SbAVQNovDA8mVi05kP0Ea/n/UzcSHcTJQfNg==
    dependencies:
      follow-redirects "^1.14.0"
  
  eslite-com-crawler@^1.1.1:
    version "1.1.1"
    resolved "https://registry.yarnpkg.com/eslite-com-crawler/-/eslite-com-crawler-1.1.1.tgz#ae73ed53763e03b31ed790db807ea5ba309bd2bb"
    integrity sha512-x60Fsofh0J7NpXCb5inf3qHxWEaj8iLdfFYvKpLWo0ReQl8sl1IaWVDTcLl8dBgEqydbYYekmDtDkAHgEuy6Ug==
    dependencies:
      axios "^0.21.1"
  
  follow-redirects@^1.14.0:
    version "1.15.2"
    resolved "https://registry.yarnpkg.com/follow-redirects/-/follow-redirects-1.15.2.tgz#b460864144ba63f2681096f274c4e57026da2c13"
    integrity sha512-VQLG33o04KaQ8uYi2tVNbdrWp1QWxNNea+nmIB4EVM28v0hmP17z7aG1+wAkNzVq4KeXTq3221ye5qTJP91JwA==
  
  yarn@^1.22.19:
    version "1.22.19"
    resolved "https://registry.yarnpkg.com/yarn/-/yarn-1.22.19.tgz#4ba7fc5c6e704fce2066ecbfb0b0d8976fe62447"
    integrity sha512-/0V5q0WbslqnwP91tirOvldvYISzaqhClxzyUKXYxs07yUILIs5jx/k6CFe8bvKSkds5w+eiOqta39Wk3WxdcQ==
